[raw]  api:templates                             HTTP 200      1933B  https://alkfjalknlgjnwbelfnalnfskanafa.com/templates
Unique _next assets referenced: 27
[asset] HTTP 404         9B  /_next/static/chunks/120-5d2059fc9be3ab89.js
[asset] HTTP 404         9B  /_next/static/chunks/130-c5df11c1a7921e10.js
[asset] HTTP 200     84025B  /_next/static/chunks/259-b8ba24460fe72549.js
[asset] HTTP 404         9B  /_next/static/chunks/341-c7ea4552e978cc28.js
[asset] HTTP 200    448807B  /_next/static/chunks/436-ab1195ac63b6a515.js
[asset] HTTP 404         9B  /_next/static/chunks/650-9f2c828b0b0cc457.js
[asset] HTTP 404         9B  /_next/static/chunks/651-9073e3e39a28acf8.js
[asset] HTTP 404         9B  /_next/static/chunks/845-c0708d9c387fc840.js
[asset] HTTP 404         9B  /_next/static/chunks/a5f19837-9f3033a2bdec39a1.js
[asset] HTTP 200      2397B  /_next/static/chunks/app/layout-5f4432377d11fa93.js
[asset] HTTP 404         9B  /_next/static/chunks/app/layout-add099c4210a3a73.js
[asset] HTTP 404         9B  /_next/static/chunks/app/login/page-8aa11f88cc9a7e6a.js
[asset] HTTP 200    447328B  /_next/static/chunks/d46d1245-c8b31540c118e3ac.js
[asset] HTTP 200      2157B  /_next/static/chunks/main-app-6cf552111d9f97f7.js
[asset] HTTP 404         9B  /_next/static/chunks/main-app-afb29c5af4e4f7f9.js
[asset] HTTP 200    112594B  /_next/static/chunks/polyfills-42372ed130431b0a.js
[asset] HTTP 200      9626B  /_next/static/chunks/webpack-9921f3b0b554b2ea.js
[asset] HTTP 404         9B  /_next/static/chunks/webpack-c19dd169d66e883e.js
[asset] HTTP 200     90910B  /_next/static/css/68165cb776a47886.css
[asset] HTTP 404         9B  /_next/static/css/6b8501c971ce1e62.css
[asset] HTTP 200      3315B  /_next/static/css/97cc91616cea400d.css
[asset] HTTP 200     65652B  /_next/static/media/017fd45b2c6557bc-s.p.woff2
[asset] HTTP 200     28388B  /_next/static/media/4cf2300e9c8272f7-s.p.woff2
[asset] HTTP 200     79924B  /_next/static/media/54302bc38fd09502-s.p.woff2
[asset] HTTP 200     31288B  /_next/static/media/93f479601ee12b01-s.p.woff2
[asset] HTTP 200     39128B  /_next/static/media/b5b83cdb4e0c5af3-s.p.woff2
[asset] HTTP 200   2030532B  /_next/static/media/de30a32fa2634c38-s.p.ttf
