[ 1/32] coinbase/loading       HTTP=200 size= 11640 final=https://ironvanta.xyz/templates/preview/Coinbase/Loading
[ 2/32] coinbase/external      HTTP=200 size= 26821 final=https://ironvanta.xyz/templates/preview/Coinbase/External
[ 3/32] coinbase/activity      HTTP=200 size= 17237 final=https://ironvanta.xyz/templates/preview/Coinbase/Activity
[ 4/32] coinbase/balance       HTTP=200 size= 17133 final=https://ironvanta.xyz/templates/preview/Coinbase/Balance
[ 5/32] coinbase/case          HTTP=200 size= 16637 final=https://ironvanta.xyz/templates/preview/Coinbase/Case%20ID
[ 6/32] coinbase/cbw           HTTP=200 size= 26731 final=https://ironvanta.xyz/templates/preview/Coinbase/CBW
[ 7/32] coinbase/reset         HTTP=200 size= 18162 final=https://ironvanta.xyz/templates/preview/Coinbase/Reset%20Pass
[ 8/32] coinbase/swap          HTTP=200 size= 33956 final=https://ironvanta.xyz/templates/preview/Coinbase/Swap
[ 9/32] coinbase/vault         HTTP=200 size= 29743 final=https://ironvanta.xyz/templates/preview/Coinbase/Vault
[10/32] cdc/loading            HTTP=200 size= 38036 final=https://ironvanta.xyz/templates/preview/CDC/Loading
[11/32] cdc/activity           HTTP=200 size= 40391 final=https://ironvanta.xyz/templates/preview/CDC/Activity
[12/32] cdc/balance            HTTP=200 size= 40165 final=https://ironvanta.xyz/templates/preview/CDC/Balance
[13/32] cdc/case               HTTP=200 size= 39768 final=https://ironvanta.xyz/templates/preview/CDC/Case%20ID
[14/32] cdc/external           HTTP=200 size= 39476 final=https://ironvanta.xyz/templates/preview/CDC/External
[15/32] cdc/wallet             HTTP=200 size= 39373 final=https://ironvanta.xyz/templates/preview/CDC/Wallet
[16/32] google/loading         HTTP=200 size= 15134 final=https://ironvanta.xyz/templates/preview/Google/Loading
[17/32] google/login           HTTP=200 size= 16502 final=https://ironvanta.xyz/templates/preview/Google/Login
[18/32] google/password        HTTP=200 size= 17859 final=https://ironvanta.xyz/templates/preview/Google/Password
[19/32] google/backup          HTTP=200 size= 18214 final=https://ironvanta.xyz/templates/preview/Google/Backup%20code
[20/32] google/fail            HTTP=200 size= 16192 final=https://ironvanta.xyz/templates/preview/Google/Fail
[21/32] google/totp            HTTP=200 size= 18201 final=https://ironvanta.xyz/templates/preview/Google/TOTP
[22/32] google/sms             HTTP=200 size= 18187 final=https://ironvanta.xyz/templates/preview/Google/SMS
[23/32] icloud/login           HTTP=200 size= 25559 final=https://ironvanta.xyz/templates/preview/iCloud/Login
[24/32] icloud/password        HTTP=200 size= 22545 final=https://ironvanta.xyz/templates/preview/iCloud/Password
[25/32] icloud/2fa             HTTP=200 size= 23165 final=https://ironvanta.xyz/templates/preview/iCloud/2fa
[26/32] icloud/locked          HTTP=200 size= 32336 final=https://ironvanta.xyz/templates/preview/iCloud/Locked
[27/32] binance/loading        HTTP=200 size= 11536 final=https://ironvanta.xyz/templates/preview/Binance/Loading
[28/32] binance/case           HTTP=200 size= 15874 final=https://ironvanta.xyz/templates/preview/Binance/Case
[29/32] binance/backup         HTTP=200 size= 15803 final=https://ironvanta.xyz/templates/preview/Binance/Backup
[30/32] binance/balance        HTTP=200 size= 14941 final=https://ironvanta.xyz/templates/preview/Binance/Balance
[31/32] binance/activity       HTTP=200 size= 15047 final=https://ironvanta.xyz/templates/preview/Binance/Activity
[32/32] kucoin/loading         HTTP=200 size= 19207 final=https://ironvanta.xyz/templates/preview/KuCoin/Loading
summary: ok=32 fail=0 total=32
